[35m[1mScanning dependencies of target std_msgs_generate_messages_lisp[0m
[  0%] Built target std_msgs_generate_messages_lisp
[35m[1mScanning dependencies of target _master_package_generate_messages_check_deps_CB2RB[0m
[  0%] Built target _master_package_generate_messages_check_deps_CB2RB
[35m[1mScanning dependencies of target _master_package_generate_messages_check_deps_RB2CB[0m
[  0%] Built target _master_package_generate_messages_check_deps_RB2CB
[35m[1mScanning dependencies of target std_msgs_generate_messages_nodejs[0m
[  0%] Built target std_msgs_generate_messages_nodejs
[35m[1mScanning dependencies of target std_msgs_generate_messages_cpp[0m
[  0%] Built target std_msgs_generate_messages_cpp
[35m[1mScanning dependencies of target std_msgs_generate_messages_py[0m
[  0%] Built target std_msgs_generate_messages_py
[35m[1mScanning dependencies of target std_msgs_generate_messages_eus[0m
[  0%] Built target std_msgs_generate_messages_eus
[35m[1mScanning dependencies of target master_package_generate_messages_lisp[0m
[  8%] [34m[1mGenerating Lisp code from master_package/RB2CB.msg[0m
[ 16%] [34m[1mGenerating Lisp code from master_package/CB2RB.msg[0m
[ 16%] Built target master_package_generate_messages_lisp
[35m[1mScanning dependencies of target master_package_generate_messages_nodejs[0m
[ 25%] [34m[1mGenerating Javascript code from master_package/RB2CB.msg[0m
[ 33%] [34m[1mGenerating Javascript code from master_package/CB2RB.msg[0m
[ 33%] Built target master_package_generate_messages_nodejs
[35m[1mScanning dependencies of target master_package_generate_messages_cpp[0m
[ 41%] [34m[1mGenerating C++ code from master_package/RB2CB.msg[0m
[ 50%] [34m[1mGenerating C++ code from master_package/CB2RB.msg[0m
[ 50%] Built target master_package_generate_messages_cpp
[35m[1mScanning dependencies of target master_package_generate_messages_py[0m
[ 58%] [34m[1mGenerating Python from MSG master_package/RB2CB[0m
[ 66%] [34m[1mGenerating Python from MSG master_package/CB2RB[0m
[ 75%] [34m[1mGenerating Python msg __init__.py for master_package[0m
[ 75%] Built target master_package_generate_messages_py
[35m[1mScanning dependencies of target master_package_generate_messages_eus[0m
[ 83%] [34m[1mGenerating EusLisp code from master_package/RB2CB.msg[0m
[ 91%] [34m[1mGenerating EusLisp code from master_package/CB2RB.msg[0m
[100%] [34m[1mGenerating EusLisp manifest code for master_package[0m
[100%] Built target master_package_generate_messages_eus
[35m[1mScanning dependencies of target master_package_generate_messages[0m
[100%] Built target master_package_generate_messages
