Symlinking /home/hasan/ROS_MATE_2023_WS/devel/lib/python3/dist-packages/master_package/__init__.py
Symlinking /home/hasan/ROS_MATE_2023_WS/devel/lib/python3/dist-packages/master_package/msg/__init__.py
Symlinking /home/hasan/ROS_MATE_2023_WS/devel/lib/python3/dist-packages/master_package/msg/_RB2CB.py
Symlinking /home/hasan/ROS_MATE_2023_WS/devel/lib/python3/dist-packages/master_package/msg/_CB2RB.py
Symlinking /home/hasan/ROS_MATE_2023_WS/devel/lib/pkgconfig/master_package.pc
Symlinking /home/hasan/ROS_MATE_2023_WS/devel/share/roseus/ros/master_package/manifest.l
Symlinking /home/hasan/ROS_MATE_2023_WS/devel/share/roseus/ros/master_package/msg/CB2RB.l
Symlinking /home/hasan/ROS_MATE_2023_WS/devel/share/roseus/ros/master_package/msg/RB2CB.l
Symlinking /home/hasan/ROS_MATE_2023_WS/devel/share/master_package/cmake/master_package-msg-paths.cmake
Symlinking /home/hasan/ROS_MATE_2023_WS/devel/share/master_package/cmake/master_packageConfig.cmake
Symlinking /home/hasan/ROS_MATE_2023_WS/devel/share/master_package/cmake/master_package-msg-extras.cmake
Symlinking /home/hasan/ROS_MATE_2023_WS/devel/share/master_package/cmake/master_packageConfig-version.cmake
Symlinking /home/hasan/ROS_MATE_2023_WS/devel/share/gennodejs/ros/master_package/_index.js
Symlinking /home/hasan/ROS_MATE_2023_WS/devel/share/gennodejs/ros/master_package/msg/RB2CB.js
Symlinking /home/hasan/ROS_MATE_2023_WS/devel/share/gennodejs/ros/master_package/msg/CB2RB.js
Symlinking /home/hasan/ROS_MATE_2023_WS/devel/share/gennodejs/ros/master_package/msg/_index.js
Symlinking /home/hasan/ROS_MATE_2023_WS/devel/share/common-lisp/ros/master_package/msg/CB2RB.lisp
Symlinking /home/hasan/ROS_MATE_2023_WS/devel/share/common-lisp/ros/master_package/msg/_package.lisp
Symlinking /home/hasan/ROS_MATE_2023_WS/devel/share/common-lisp/ros/master_package/msg/_package_CB2RB.lisp
Symlinking /home/hasan/ROS_MATE_2023_WS/devel/share/common-lisp/ros/master_package/msg/_package_RB2CB.lisp
Symlinking /home/hasan/ROS_MATE_2023_WS/devel/share/common-lisp/ros/master_package/msg/RB2CB.lisp
Symlinking /home/hasan/ROS_MATE_2023_WS/devel/share/common-lisp/ros/master_package/msg/master_package-msg.asd
Symlinking /home/hasan/ROS_MATE_2023_WS/devel/include/master_package/CB2RB.h
Symlinking /home/hasan/ROS_MATE_2023_WS/devel/include/master_package/RB2CB.h
