Linked: (/home/hasan/ROS_MATE_2023_WS/devel/.private/autonomous_pkg/lib/python3/dist-packages/autonomous_pkg/__init__.py, /home/hasan/ROS_MATE_2023_WS/devel/lib/python3/dist-packages/autonomous_pkg/__init__.py)
Linked: (/home/hasan/ROS_MATE_2023_WS/devel/.private/autonomous_pkg/lib/python3/dist-packages/autonomous_pkg/msg/_BoundingBoxes.py, /home/hasan/ROS_MATE_2023_WS/devel/lib/python3/dist-packages/autonomous_pkg/msg/_BoundingBoxes.py)
Linked: (/home/hasan/ROS_MATE_2023_WS/devel/.private/autonomous_pkg/lib/python3/dist-packages/autonomous_pkg/msg/__init__.py, /home/hasan/ROS_MATE_2023_WS/devel/lib/python3/dist-packages/autonomous_pkg/msg/__init__.py)
Linked: (/home/hasan/ROS_MATE_2023_WS/devel/.private/autonomous_pkg/lib/python3/dist-packages/autonomous_pkg/msg/_BoundingBox.py, /home/hasan/ROS_MATE_2023_WS/devel/lib/python3/dist-packages/autonomous_pkg/msg/_BoundingBox.py)
Linked: (/home/hasan/ROS_MATE_2023_WS/devel/.private/autonomous_pkg/lib/python3/dist-packages/autonomous_pkg/msg/_kamera.py, /home/hasan/ROS_MATE_2023_WS/devel/lib/python3/dist-packages/autonomous_pkg/msg/_kamera.py)
Linked: (/home/hasan/ROS_MATE_2023_WS/devel/.private/autonomous_pkg/lib/python3/dist-packages/autonomous_pkg/msg/_decision_joy.py, /home/hasan/ROS_MATE_2023_WS/devel/lib/python3/dist-packages/autonomous_pkg/msg/_decision_joy.py)
Linked: (/home/hasan/ROS_MATE_2023_WS/devel/.private/autonomous_pkg/lib/pkgconfig/autonomous_pkg.pc, /home/hasan/ROS_MATE_2023_WS/devel/lib/pkgconfig/autonomous_pkg.pc)
Linked: (/home/hasan/ROS_MATE_2023_WS/devel/.private/autonomous_pkg/share/roseus/ros/autonomous_pkg/manifest.l, /home/hasan/ROS_MATE_2023_WS/devel/share/roseus/ros/autonomous_pkg/manifest.l)
Linked: (/home/hasan/ROS_MATE_2023_WS/devel/.private/autonomous_pkg/share/roseus/ros/autonomous_pkg/msg/BoundingBoxes.l, /home/hasan/ROS_MATE_2023_WS/devel/share/roseus/ros/autonomous_pkg/msg/BoundingBoxes.l)
Linked: (/home/hasan/ROS_MATE_2023_WS/devel/.private/autonomous_pkg/share/roseus/ros/autonomous_pkg/msg/BoundingBox.l, /home/hasan/ROS_MATE_2023_WS/devel/share/roseus/ros/autonomous_pkg/msg/BoundingBox.l)
Linked: (/home/hasan/ROS_MATE_2023_WS/devel/.private/autonomous_pkg/share/roseus/ros/autonomous_pkg/msg/decision_joy.l, /home/hasan/ROS_MATE_2023_WS/devel/share/roseus/ros/autonomous_pkg/msg/decision_joy.l)
Linked: (/home/hasan/ROS_MATE_2023_WS/devel/.private/autonomous_pkg/share/roseus/ros/autonomous_pkg/msg/kamera.l, /home/hasan/ROS_MATE_2023_WS/devel/share/roseus/ros/autonomous_pkg/msg/kamera.l)
Linked: (/home/hasan/ROS_MATE_2023_WS/devel/.private/autonomous_pkg/share/gennodejs/ros/autonomous_pkg/_index.js, /home/hasan/ROS_MATE_2023_WS/devel/share/gennodejs/ros/autonomous_pkg/_index.js)
Linked: (/home/hasan/ROS_MATE_2023_WS/devel/.private/autonomous_pkg/share/gennodejs/ros/autonomous_pkg/msg/decision_joy.js, /home/hasan/ROS_MATE_2023_WS/devel/share/gennodejs/ros/autonomous_pkg/msg/decision_joy.js)
Linked: (/home/hasan/ROS_MATE_2023_WS/devel/.private/autonomous_pkg/share/gennodejs/ros/autonomous_pkg/msg/BoundingBoxes.js, /home/hasan/ROS_MATE_2023_WS/devel/share/gennodejs/ros/autonomous_pkg/msg/BoundingBoxes.js)
Linked: (/home/hasan/ROS_MATE_2023_WS/devel/.private/autonomous_pkg/share/gennodejs/ros/autonomous_pkg/msg/kamera.js, /home/hasan/ROS_MATE_2023_WS/devel/share/gennodejs/ros/autonomous_pkg/msg/kamera.js)
Linked: (/home/hasan/ROS_MATE_2023_WS/devel/.private/autonomous_pkg/share/gennodejs/ros/autonomous_pkg/msg/BoundingBox.js, /home/hasan/ROS_MATE_2023_WS/devel/share/gennodejs/ros/autonomous_pkg/msg/BoundingBox.js)
Linked: (/home/hasan/ROS_MATE_2023_WS/devel/.private/autonomous_pkg/share/gennodejs/ros/autonomous_pkg/msg/_index.js, /home/hasan/ROS_MATE_2023_WS/devel/share/gennodejs/ros/autonomous_pkg/msg/_index.js)
Linked: (/home/hasan/ROS_MATE_2023_WS/devel/.private/autonomous_pkg/share/autonomous_pkg/cmake/autonomous_pkg-msg-extras.cmake, /home/hasan/ROS_MATE_2023_WS/devel/share/autonomous_pkg/cmake/autonomous_pkg-msg-extras.cmake)
Linked: (/home/hasan/ROS_MATE_2023_WS/devel/.private/autonomous_pkg/share/autonomous_pkg/cmake/autonomous_pkgConfig.cmake, /home/hasan/ROS_MATE_2023_WS/devel/share/autonomous_pkg/cmake/autonomous_pkgConfig.cmake)
Linked: (/home/hasan/ROS_MATE_2023_WS/devel/.private/autonomous_pkg/share/autonomous_pkg/cmake/autonomous_pkgConfig-version.cmake, /home/hasan/ROS_MATE_2023_WS/devel/share/autonomous_pkg/cmake/autonomous_pkgConfig-version.cmake)
Linked: (/home/hasan/ROS_MATE_2023_WS/devel/.private/autonomous_pkg/share/autonomous_pkg/cmake/autonomous_pkg-msg-paths.cmake, /home/hasan/ROS_MATE_2023_WS/devel/share/autonomous_pkg/cmake/autonomous_pkg-msg-paths.cmake)
Linked: (/home/hasan/ROS_MATE_2023_WS/devel/.private/autonomous_pkg/share/common-lisp/ros/autonomous_pkg/msg/BoundingBoxes.lisp, /home/hasan/ROS_MATE_2023_WS/devel/share/common-lisp/ros/autonomous_pkg/msg/BoundingBoxes.lisp)
Linked: (/home/hasan/ROS_MATE_2023_WS/devel/.private/autonomous_pkg/share/common-lisp/ros/autonomous_pkg/msg/kamera.lisp, /home/hasan/ROS_MATE_2023_WS/devel/share/common-lisp/ros/autonomous_pkg/msg/kamera.lisp)
Linked: (/home/hasan/ROS_MATE_2023_WS/devel/.private/autonomous_pkg/share/common-lisp/ros/autonomous_pkg/msg/_package_kamera.lisp, /home/hasan/ROS_MATE_2023_WS/devel/share/common-lisp/ros/autonomous_pkg/msg/_package_kamera.lisp)
Linked: (/home/hasan/ROS_MATE_2023_WS/devel/.private/autonomous_pkg/share/common-lisp/ros/autonomous_pkg/msg/_package.lisp, /home/hasan/ROS_MATE_2023_WS/devel/share/common-lisp/ros/autonomous_pkg/msg/_package.lisp)
Linked: (/home/hasan/ROS_MATE_2023_WS/devel/.private/autonomous_pkg/share/common-lisp/ros/autonomous_pkg/msg/_package_BoundingBoxes.lisp, /home/hasan/ROS_MATE_2023_WS/devel/share/common-lisp/ros/autonomous_pkg/msg/_package_BoundingBoxes.lisp)
Linked: (/home/hasan/ROS_MATE_2023_WS/devel/.private/autonomous_pkg/share/common-lisp/ros/autonomous_pkg/msg/autonomous_pkg-msg.asd, /home/hasan/ROS_MATE_2023_WS/devel/share/common-lisp/ros/autonomous_pkg/msg/autonomous_pkg-msg.asd)
Linked: (/home/hasan/ROS_MATE_2023_WS/devel/.private/autonomous_pkg/share/common-lisp/ros/autonomous_pkg/msg/decision_joy.lisp, /home/hasan/ROS_MATE_2023_WS/devel/share/common-lisp/ros/autonomous_pkg/msg/decision_joy.lisp)
Linked: (/home/hasan/ROS_MATE_2023_WS/devel/.private/autonomous_pkg/share/common-lisp/ros/autonomous_pkg/msg/_package_BoundingBox.lisp, /home/hasan/ROS_MATE_2023_WS/devel/share/common-lisp/ros/autonomous_pkg/msg/_package_BoundingBox.lisp)
Linked: (/home/hasan/ROS_MATE_2023_WS/devel/.private/autonomous_pkg/share/common-lisp/ros/autonomous_pkg/msg/BoundingBox.lisp, /home/hasan/ROS_MATE_2023_WS/devel/share/common-lisp/ros/autonomous_pkg/msg/BoundingBox.lisp)
Linked: (/home/hasan/ROS_MATE_2023_WS/devel/.private/autonomous_pkg/share/common-lisp/ros/autonomous_pkg/msg/_package_decision_joy.lisp, /home/hasan/ROS_MATE_2023_WS/devel/share/common-lisp/ros/autonomous_pkg/msg/_package_decision_joy.lisp)
Linked: (/home/hasan/ROS_MATE_2023_WS/devel/.private/autonomous_pkg/include/autonomous_pkg/decision_joy.h, /home/hasan/ROS_MATE_2023_WS/devel/include/autonomous_pkg/decision_joy.h)
Linked: (/home/hasan/ROS_MATE_2023_WS/devel/.private/autonomous_pkg/include/autonomous_pkg/BoundingBoxes.h, /home/hasan/ROS_MATE_2023_WS/devel/include/autonomous_pkg/BoundingBoxes.h)
Linked: (/home/hasan/ROS_MATE_2023_WS/devel/.private/autonomous_pkg/include/autonomous_pkg/kamera.h, /home/hasan/ROS_MATE_2023_WS/devel/include/autonomous_pkg/kamera.h)
Linked: (/home/hasan/ROS_MATE_2023_WS/devel/.private/autonomous_pkg/include/autonomous_pkg/BoundingBox.h, /home/hasan/ROS_MATE_2023_WS/devel/include/autonomous_pkg/BoundingBox.h)
