Symlinking /home/hasan/ROS_MATE_2023_WS/devel/lib/python3/dist-packages/autonomous_pkg/__init__.py
Symlinking /home/hasan/ROS_MATE_2023_WS/devel/lib/python3/dist-packages/autonomous_pkg/msg/_BoundingBoxes.py
Symlinking /home/hasan/ROS_MATE_2023_WS/devel/lib/python3/dist-packages/autonomous_pkg/msg/__init__.py
Symlinking /home/hasan/ROS_MATE_2023_WS/devel/lib/python3/dist-packages/autonomous_pkg/msg/_BoundingBox.py
Symlinking /home/hasan/ROS_MATE_2023_WS/devel/lib/python3/dist-packages/autonomous_pkg/msg/_kamera.py
Symlinking /home/hasan/ROS_MATE_2023_WS/devel/lib/python3/dist-packages/autonomous_pkg/msg/_decision_joy.py
Symlinking /home/hasan/ROS_MATE_2023_WS/devel/lib/pkgconfig/autonomous_pkg.pc
Symlinking /home/hasan/ROS_MATE_2023_WS/devel/share/roseus/ros/autonomous_pkg/manifest.l
Symlinking /home/hasan/ROS_MATE_2023_WS/devel/share/roseus/ros/autonomous_pkg/msg/BoundingBoxes.l
Symlinking /home/hasan/ROS_MATE_2023_WS/devel/share/roseus/ros/autonomous_pkg/msg/BoundingBox.l
Symlinking /home/hasan/ROS_MATE_2023_WS/devel/share/roseus/ros/autonomous_pkg/msg/decision_joy.l
Symlinking /home/hasan/ROS_MATE_2023_WS/devel/share/roseus/ros/autonomous_pkg/msg/kamera.l
Symlinking /home/hasan/ROS_MATE_2023_WS/devel/share/gennodejs/ros/autonomous_pkg/_index.js
Symlinking /home/hasan/ROS_MATE_2023_WS/devel/share/gennodejs/ros/autonomous_pkg/msg/decision_joy.js
Symlinking /home/hasan/ROS_MATE_2023_WS/devel/share/gennodejs/ros/autonomous_pkg/msg/BoundingBoxes.js
Symlinking /home/hasan/ROS_MATE_2023_WS/devel/share/gennodejs/ros/autonomous_pkg/msg/kamera.js
Symlinking /home/hasan/ROS_MATE_2023_WS/devel/share/gennodejs/ros/autonomous_pkg/msg/BoundingBox.js
Symlinking /home/hasan/ROS_MATE_2023_WS/devel/share/gennodejs/ros/autonomous_pkg/msg/_index.js
Symlinking /home/hasan/ROS_MATE_2023_WS/devel/share/autonomous_pkg/cmake/autonomous_pkg-msg-extras.cmake
Symlinking /home/hasan/ROS_MATE_2023_WS/devel/share/autonomous_pkg/cmake/autonomous_pkgConfig.cmake
Symlinking /home/hasan/ROS_MATE_2023_WS/devel/share/autonomous_pkg/cmake/autonomous_pkgConfig-version.cmake
Symlinking /home/hasan/ROS_MATE_2023_WS/devel/share/autonomous_pkg/cmake/autonomous_pkg-msg-paths.cmake
Symlinking /home/hasan/ROS_MATE_2023_WS/devel/share/common-lisp/ros/autonomous_pkg/msg/BoundingBoxes.lisp
Symlinking /home/hasan/ROS_MATE_2023_WS/devel/share/common-lisp/ros/autonomous_pkg/msg/kamera.lisp
Symlinking /home/hasan/ROS_MATE_2023_WS/devel/share/common-lisp/ros/autonomous_pkg/msg/_package_kamera.lisp
Symlinking /home/hasan/ROS_MATE_2023_WS/devel/share/common-lisp/ros/autonomous_pkg/msg/_package.lisp
Symlinking /home/hasan/ROS_MATE_2023_WS/devel/share/common-lisp/ros/autonomous_pkg/msg/_package_BoundingBoxes.lisp
Symlinking /home/hasan/ROS_MATE_2023_WS/devel/share/common-lisp/ros/autonomous_pkg/msg/autonomous_pkg-msg.asd
Symlinking /home/hasan/ROS_MATE_2023_WS/devel/share/common-lisp/ros/autonomous_pkg/msg/decision_joy.lisp
Symlinking /home/hasan/ROS_MATE_2023_WS/devel/share/common-lisp/ros/autonomous_pkg/msg/_package_BoundingBox.lisp
Symlinking /home/hasan/ROS_MATE_2023_WS/devel/share/common-lisp/ros/autonomous_pkg/msg/BoundingBox.lisp
Symlinking /home/hasan/ROS_MATE_2023_WS/devel/share/common-lisp/ros/autonomous_pkg/msg/_package_decision_joy.lisp
Symlinking /home/hasan/ROS_MATE_2023_WS/devel/include/autonomous_pkg/decision_joy.h
Symlinking /home/hasan/ROS_MATE_2023_WS/devel/include/autonomous_pkg/BoundingBoxes.h
Symlinking /home/hasan/ROS_MATE_2023_WS/devel/include/autonomous_pkg/kamera.h
Symlinking /home/hasan/ROS_MATE_2023_WS/devel/include/autonomous_pkg/BoundingBox.h
