[35m[1mScanning dependencies of target _communicator_pkg_generate_messages_check_deps_CB2COM[0m
[  0%] Built target _communicator_pkg_generate_messages_check_deps_CB2COM
[35m[1mScanning dependencies of target std_msgs_generate_messages_py[0m
[  0%] Built target std_msgs_generate_messages_py
[35m[1mScanning dependencies of target _communicator_pkg_generate_messages_check_deps_COM2RB[0m
[  0%] Built target _communicator_pkg_generate_messages_check_deps_COM2RB
[35m[1mScanning dependencies of target std_msgs_generate_messages_eus[0m
[  0%] Built target std_msgs_generate_messages_eus
[35m[1mScanning dependencies of target std_msgs_generate_messages_cpp[0m
[  0%] Built target std_msgs_generate_messages_cpp
[35m[1mScanning dependencies of target std_msgs_generate_messages_lisp[0m
[  0%] Built target std_msgs_generate_messages_lisp
[35m[1mScanning dependencies of target std_msgs_generate_messages_nodejs[0m
[  0%] Built target std_msgs_generate_messages_nodejs
[35m[1mScanning dependencies of target communicator_pkg_generate_messages_py[0m
[  8%] [34m[1mGenerating Python from MSG communicator_pkg/COM2RB[0m
[ 16%] [34m[1mGenerating Python from MSG communicator_pkg/CB2COM[0m
[ 25%] [34m[1mGenerating Python msg __init__.py for communicator_pkg[0m
[ 25%] Built target communicator_pkg_generate_messages_py
[35m[1mScanning dependencies of target communicator_pkg_generate_messages_eus[0m
[ 33%] [34m[1mGenerating EusLisp code from communicator_pkg/COM2RB.msg[0m
[ 41%] [34m[1mGenerating EusLisp code from communicator_pkg/CB2COM.msg[0m
[ 50%] [34m[1mGenerating EusLisp manifest code for communicator_pkg[0m
[ 50%] Built target communicator_pkg_generate_messages_eus
[35m[1mScanning dependencies of target communicator_pkg_generate_messages_cpp[0m
[ 58%] [34m[1mGenerating C++ code from communicator_pkg/COM2RB.msg[0m
[ 66%] [34m[1mGenerating C++ code from communicator_pkg/CB2COM.msg[0m
[35m[1mScanning dependencies of target communicator_pkg_generate_messages_lisp[0m
[ 75%] [34m[1mGenerating Lisp code from communicator_pkg/COM2RB.msg[0m
[35m[1mScanning dependencies of target communicator_pkg_generate_messages_nodejs[0m
[ 83%] [34m[1mGenerating Javascript code from communicator_pkg/COM2RB.msg[0m
[ 91%] [34m[1mGenerating Lisp code from communicator_pkg/CB2COM.msg[0m
[ 91%] Built target communicator_pkg_generate_messages_cpp
[100%] [34m[1mGenerating Javascript code from communicator_pkg/CB2COM.msg[0m
[100%] Built target communicator_pkg_generate_messages_lisp
[100%] Built target communicator_pkg_generate_messages_nodejs
[35m[1mScanning dependencies of target communicator_pkg_generate_messages[0m
[100%] Built target communicator_pkg_generate_messages
