Linked: (/home/hasan/ROS_MATE_2023_WS/devel/.private/communicator_pkg/lib/python3/dist-packages/communicator_pkg/__init__.py, /home/hasan/ROS_MATE_2023_WS/devel/lib/python3/dist-packages/communicator_pkg/__init__.py)
Linked: (/home/hasan/ROS_MATE_2023_WS/devel/.private/communicator_pkg/lib/python3/dist-packages/communicator_pkg/msg/_CB2COM.py, /home/hasan/ROS_MATE_2023_WS/devel/lib/python3/dist-packages/communicator_pkg/msg/_CB2COM.py)
Linked: (/home/hasan/ROS_MATE_2023_WS/devel/.private/communicator_pkg/lib/python3/dist-packages/communicator_pkg/msg/__init__.py, /home/hasan/ROS_MATE_2023_WS/devel/lib/python3/dist-packages/communicator_pkg/msg/__init__.py)
Linked: (/home/hasan/ROS_MATE_2023_WS/devel/.private/communicator_pkg/lib/python3/dist-packages/communicator_pkg/msg/_COM2RB.py, /home/hasan/ROS_MATE_2023_WS/devel/lib/python3/dist-packages/communicator_pkg/msg/_COM2RB.py)
Linked: (/home/hasan/ROS_MATE_2023_WS/devel/.private/communicator_pkg/lib/pkgconfig/communicator_pkg.pc, /home/hasan/ROS_MATE_2023_WS/devel/lib/pkgconfig/communicator_pkg.pc)
Linked: (/home/hasan/ROS_MATE_2023_WS/devel/.private/communicator_pkg/share/roseus/ros/communicator_pkg/manifest.l, /home/hasan/ROS_MATE_2023_WS/devel/share/roseus/ros/communicator_pkg/manifest.l)
Linked: (/home/hasan/ROS_MATE_2023_WS/devel/.private/communicator_pkg/share/roseus/ros/communicator_pkg/msg/CB2COM.l, /home/hasan/ROS_MATE_2023_WS/devel/share/roseus/ros/communicator_pkg/msg/CB2COM.l)
Linked: (/home/hasan/ROS_MATE_2023_WS/devel/.private/communicator_pkg/share/roseus/ros/communicator_pkg/msg/COM2RB.l, /home/hasan/ROS_MATE_2023_WS/devel/share/roseus/ros/communicator_pkg/msg/COM2RB.l)
Linked: (/home/hasan/ROS_MATE_2023_WS/devel/.private/communicator_pkg/share/gennodejs/ros/communicator_pkg/_index.js, /home/hasan/ROS_MATE_2023_WS/devel/share/gennodejs/ros/communicator_pkg/_index.js)
Linked: (/home/hasan/ROS_MATE_2023_WS/devel/.private/communicator_pkg/share/gennodejs/ros/communicator_pkg/msg/CB2COM.js, /home/hasan/ROS_MATE_2023_WS/devel/share/gennodejs/ros/communicator_pkg/msg/CB2COM.js)
Linked: (/home/hasan/ROS_MATE_2023_WS/devel/.private/communicator_pkg/share/gennodejs/ros/communicator_pkg/msg/COM2RB.js, /home/hasan/ROS_MATE_2023_WS/devel/share/gennodejs/ros/communicator_pkg/msg/COM2RB.js)
Linked: (/home/hasan/ROS_MATE_2023_WS/devel/.private/communicator_pkg/share/gennodejs/ros/communicator_pkg/msg/_index.js, /home/hasan/ROS_MATE_2023_WS/devel/share/gennodejs/ros/communicator_pkg/msg/_index.js)
Linked: (/home/hasan/ROS_MATE_2023_WS/devel/.private/communicator_pkg/share/common-lisp/ros/communicator_pkg/msg/CB2COM.lisp, /home/hasan/ROS_MATE_2023_WS/devel/share/common-lisp/ros/communicator_pkg/msg/CB2COM.lisp)
Linked: (/home/hasan/ROS_MATE_2023_WS/devel/.private/communicator_pkg/share/common-lisp/ros/communicator_pkg/msg/COM2RB.lisp, /home/hasan/ROS_MATE_2023_WS/devel/share/common-lisp/ros/communicator_pkg/msg/COM2RB.lisp)
Linked: (/home/hasan/ROS_MATE_2023_WS/devel/.private/communicator_pkg/share/common-lisp/ros/communicator_pkg/msg/_package.lisp, /home/hasan/ROS_MATE_2023_WS/devel/share/common-lisp/ros/communicator_pkg/msg/_package.lisp)
Linked: (/home/hasan/ROS_MATE_2023_WS/devel/.private/communicator_pkg/share/common-lisp/ros/communicator_pkg/msg/communicator_pkg-msg.asd, /home/hasan/ROS_MATE_2023_WS/devel/share/common-lisp/ros/communicator_pkg/msg/communicator_pkg-msg.asd)
Linked: (/home/hasan/ROS_MATE_2023_WS/devel/.private/communicator_pkg/share/common-lisp/ros/communicator_pkg/msg/_package_CB2COM.lisp, /home/hasan/ROS_MATE_2023_WS/devel/share/common-lisp/ros/communicator_pkg/msg/_package_CB2COM.lisp)
Linked: (/home/hasan/ROS_MATE_2023_WS/devel/.private/communicator_pkg/share/common-lisp/ros/communicator_pkg/msg/_package_COM2RB.lisp, /home/hasan/ROS_MATE_2023_WS/devel/share/common-lisp/ros/communicator_pkg/msg/_package_COM2RB.lisp)
Linked: (/home/hasan/ROS_MATE_2023_WS/devel/.private/communicator_pkg/share/communicator_pkg/cmake/communicator_pkg-msg-extras.cmake, /home/hasan/ROS_MATE_2023_WS/devel/share/communicator_pkg/cmake/communicator_pkg-msg-extras.cmake)
Linked: (/home/hasan/ROS_MATE_2023_WS/devel/.private/communicator_pkg/share/communicator_pkg/cmake/communicator_pkgConfig-version.cmake, /home/hasan/ROS_MATE_2023_WS/devel/share/communicator_pkg/cmake/communicator_pkgConfig-version.cmake)
Linked: (/home/hasan/ROS_MATE_2023_WS/devel/.private/communicator_pkg/share/communicator_pkg/cmake/communicator_pkg-msg-paths.cmake, /home/hasan/ROS_MATE_2023_WS/devel/share/communicator_pkg/cmake/communicator_pkg-msg-paths.cmake)
Linked: (/home/hasan/ROS_MATE_2023_WS/devel/.private/communicator_pkg/share/communicator_pkg/cmake/communicator_pkgConfig.cmake, /home/hasan/ROS_MATE_2023_WS/devel/share/communicator_pkg/cmake/communicator_pkgConfig.cmake)
Linked: (/home/hasan/ROS_MATE_2023_WS/devel/.private/communicator_pkg/include/communicator_pkg/CB2COM.h, /home/hasan/ROS_MATE_2023_WS/devel/include/communicator_pkg/CB2COM.h)
Linked: (/home/hasan/ROS_MATE_2023_WS/devel/.private/communicator_pkg/include/communicator_pkg/COM2RB.h, /home/hasan/ROS_MATE_2023_WS/devel/include/communicator_pkg/COM2RB.h)
