Symlinking /home/hasan/ROS_MATE_2023_WS/devel/lib/python3/dist-packages/communicator_pkg/__init__.py
Symlinking /home/hasan/ROS_MATE_2023_WS/devel/lib/python3/dist-packages/communicator_pkg/msg/_CB2COM.py
Symlinking /home/hasan/ROS_MATE_2023_WS/devel/lib/python3/dist-packages/communicator_pkg/msg/__init__.py
Symlinking /home/hasan/ROS_MATE_2023_WS/devel/lib/python3/dist-packages/communicator_pkg/msg/_COM2RB.py
Symlinking /home/hasan/ROS_MATE_2023_WS/devel/lib/pkgconfig/communicator_pkg.pc
Symlinking /home/hasan/ROS_MATE_2023_WS/devel/share/roseus/ros/communicator_pkg/manifest.l
Symlinking /home/hasan/ROS_MATE_2023_WS/devel/share/roseus/ros/communicator_pkg/msg/CB2COM.l
Symlinking /home/hasan/ROS_MATE_2023_WS/devel/share/roseus/ros/communicator_pkg/msg/COM2RB.l
Symlinking /home/hasan/ROS_MATE_2023_WS/devel/share/gennodejs/ros/communicator_pkg/_index.js
Symlinking /home/hasan/ROS_MATE_2023_WS/devel/share/gennodejs/ros/communicator_pkg/msg/CB2COM.js
Symlinking /home/hasan/ROS_MATE_2023_WS/devel/share/gennodejs/ros/communicator_pkg/msg/COM2RB.js
Symlinking /home/hasan/ROS_MATE_2023_WS/devel/share/gennodejs/ros/communicator_pkg/msg/_index.js
Symlinking /home/hasan/ROS_MATE_2023_WS/devel/share/common-lisp/ros/communicator_pkg/msg/CB2COM.lisp
Symlinking /home/hasan/ROS_MATE_2023_WS/devel/share/common-lisp/ros/communicator_pkg/msg/COM2RB.lisp
Symlinking /home/hasan/ROS_MATE_2023_WS/devel/share/common-lisp/ros/communicator_pkg/msg/_package.lisp
Symlinking /home/hasan/ROS_MATE_2023_WS/devel/share/common-lisp/ros/communicator_pkg/msg/communicator_pkg-msg.asd
Symlinking /home/hasan/ROS_MATE_2023_WS/devel/share/common-lisp/ros/communicator_pkg/msg/_package_CB2COM.lisp
Symlinking /home/hasan/ROS_MATE_2023_WS/devel/share/common-lisp/ros/communicator_pkg/msg/_package_COM2RB.lisp
Symlinking /home/hasan/ROS_MATE_2023_WS/devel/share/communicator_pkg/cmake/communicator_pkg-msg-extras.cmake
Symlinking /home/hasan/ROS_MATE_2023_WS/devel/share/communicator_pkg/cmake/communicator_pkgConfig-version.cmake
Symlinking /home/hasan/ROS_MATE_2023_WS/devel/share/communicator_pkg/cmake/communicator_pkg-msg-paths.cmake
Symlinking /home/hasan/ROS_MATE_2023_WS/devel/share/communicator_pkg/cmake/communicator_pkgConfig.cmake
Symlinking /home/hasan/ROS_MATE_2023_WS/devel/include/communicator_pkg/CB2COM.h
Symlinking /home/hasan/ROS_MATE_2023_WS/devel/include/communicator_pkg/COM2RB.h
